

*******************************************************************************
Thu Nov 22 19:32:51 2018


FIT:    data read from "05.txt"
        format = z
        #datapoints = 5
        residuals are weighted equally (unit weight)

function used for fitting: a*x+b
fitted parameters initialized with current variable values

iter      chisq       delta/lim  lambda   a             b            
   0 1.4470290420e+03   0.00e+00  1.17e+01    1.000000e+00   1.000000e+00
   5 1.9171260379e+00  -4.26e-09  1.17e-04   -8.488925e-02   2.249589e+00

After 5 iterations the fit converged.
final sum of squares of residuals : 1.91713
rel. change during last iteration : -4.26223e-14

degrees of freedom    (FIT_NDF)                        : 3
rms of residuals      (FIT_STDFIT) = sqrt(WSSR/ndf)    : 0.799401
variance of residuals (reduced chisquare) = WSSR/ndf   : 0.639042

Final set of parameters            Asymptotic Standard Error
=======================            ==========================
a               = -0.0848892       +/- 0.03277      (38.6%)
b               = 2.24959          +/- 0.5412       (24.06%)

correlation matrix of the fit parameters:
                a      b      
a               1.000 
b              -0.751  1.000 


*******************************************************************************
Thu Nov 22 19:33:34 2018


FIT:    data read from "05.txt"
        format = z
        #datapoints = 5
        residuals are weighted equally (unit weight)

function used for fitting: a*x^b
fitted parameters initialized with current variable values



*******************************************************************************
Thu Nov 22 19:33:42 2018


FIT:    data read from "05.txt"
        format = z
        #datapoints = 5
        residuals are weighted equally (unit weight)

function used for fitting: a*x**b
fitted parameters initialized with current variable values

iter      chisq       delta/lim  lambda   a             b            
   0 4.4646045138e+04   0.00e+00  5.23e+02   -8.488925e-02   2.249589e+00
  25 1.1238324954e+00  -8.31e-01  5.23e-09    4.926148e+00  -7.859816e-01

After 25 iterations the fit converged.
final sum of squares of residuals : 1.12383
rel. change during last iteration : -8.30732e-06

degrees of freedom    (FIT_NDF)                        : 3
rms of residuals      (FIT_STDFIT) = sqrt(WSSR/ndf)    : 0.612055
variance of residuals (reduced chisquare) = WSSR/ndf   : 0.374611

Final set of parameters            Asymptotic Standard Error
=======================            ==========================
a               = 4.92615          +/- 1.801        (36.57%)
b               = -0.785982        +/- 0.3121       (39.71%)

correlation matrix of the fit parameters:
                a      b      
a               1.000 
b              -0.878  1.000 


*******************************************************************************
Thu Nov 22 19:34:02 2018


FIT:    data read from "05.txt"
        format = z
        #datapoints = 5
        residuals are weighted equally (unit weight)

function used for fitting: a*b**x
fitted parameters initialized with current variable values

iter      chisq       delta/lim  lambda   a             b            
   0 6.5460966358e-01   0.00e+00  3.78e+00    4.926148e+00  -7.859816e-01
   7 3.7774032125e-01  -8.82e-11  3.78e+04    3.878403e+00  -8.483929e-01

After 7 iterations the fit converged.
final sum of squares of residuals : 0.37774
rel. change during last iteration : -8.81735e-16

degrees of freedom    (FIT_NDF)                        : 3
rms of residuals      (FIT_STDFIT) = sqrt(WSSR/ndf)    : 0.354843
variance of residuals (reduced chisquare) = WSSR/ndf   : 0.125913

Final set of parameters            Asymptotic Standard Error
=======================            ==========================
a               = 3.8784           +/- 0.72         (18.56%)
b               = -0.848393        +/- 0.04156      (4.899%)

correlation matrix of the fit parameters:
                a      b      
a               1.000 
b               0.848  1.000 


*******************************************************************************
Thu Nov 22 19:34:18 2018


FIT:    data read from "05.txt"
        format = z
        #datapoints = 5
        residuals are weighted equally (unit weight)

function used for fitting: a*b**x
fitted parameters initialized with current variable values

iter      chisq       delta/lim  lambda   a             b            
   0 3.7774032125e-01   0.00e+00  4.47e+00    3.878403e+00  -8.483929e-01
   1 3.7774032125e-01   0.00e+00  4.47e+06    3.878403e+00  -8.483929e-01

After 1 iterations the fit converged.
final sum of squares of residuals : 0.37774
rel. change during last iteration : 0

degrees of freedom    (FIT_NDF)                        : 3
rms of residuals      (FIT_STDFIT) = sqrt(WSSR/ndf)    : 0.354843
variance of residuals (reduced chisquare) = WSSR/ndf   : 0.125913

Final set of parameters            Asymptotic Standard Error
=======================            ==========================
a               = 3.8784           +/- 0.72         (18.56%)
b               = -0.848393        +/- 0.04156      (4.899%)

correlation matrix of the fit parameters:
                a      b      
a               1.000 
b               0.848  1.000 


*******************************************************************************
Thu Nov 22 19:35:44 2018


FIT:    data read from "05.txt"
        format = z
        x range restricted to [-85.1169 : 81.7761]
        #datapoints = 5
        residuals are weighted equally (unit weight)

function used for fitting: a*b**x
fitted parameters initialized with current variable values

iter      chisq       delta/lim  lambda   a             b            
   0 3.7774032125e-01   0.00e+00  4.47e+00    3.878403e+00  -8.483929e-01
   1 3.7774032125e-01   0.00e+00  4.47e+06    3.878403e+00  -8.483929e-01

After 1 iterations the fit converged.
final sum of squares of residuals : 0.37774
rel. change during last iteration : 0

degrees of freedom    (FIT_NDF)                        : 3
rms of residuals      (FIT_STDFIT) = sqrt(WSSR/ndf)    : 0.354843
variance of residuals (reduced chisquare) = WSSR/ndf   : 0.125913

Final set of parameters            Asymptotic Standard Error
=======================            ==========================
a               = 3.8784           +/- 0.72         (18.56%)
b               = -0.848393        +/- 0.04156      (4.899%)

correlation matrix of the fit parameters:
                a      b      
a               1.000 
b               0.848  1.000 


*******************************************************************************
Thu Nov 22 19:35:52 2018


FIT:    data read from "05.txt"
        format = z
        x range restricted to [-85.1169 : 81.7761]
        #datapoints = 5
        residuals are weighted equally (unit weight)

function used for fitting: a*(b**x)
fitted parameters initialized with current variable values

iter      chisq       delta/lim  lambda   a             b            
   0 3.7774032125e-01   0.00e+00  4.47e+00    3.878403e+00  -8.483929e-01
   1 3.7774032125e-01   0.00e+00  4.47e+06    3.878403e+00  -8.483929e-01

After 1 iterations the fit converged.
final sum of squares of residuals : 0.37774
rel. change during last iteration : 0

degrees of freedom    (FIT_NDF)                        : 3
rms of residuals      (FIT_STDFIT) = sqrt(WSSR/ndf)    : 0.354843
variance of residuals (reduced chisquare) = WSSR/ndf   : 0.125913

Final set of parameters            Asymptotic Standard Error
=======================            ==========================
a               = 3.8784           +/- 0.72         (18.56%)
b               = -0.848393        +/- 0.04156      (4.899%)

correlation matrix of the fit parameters:
                a      b      
a               1.000 
b               0.848  1.000 


*******************************************************************************
Thu Nov 22 19:36:17 2018


FIT:    data read from "05.txt"
        format = z
        x range restricted to [-85.1169 : 81.7761]
        #datapoints = 5
        residuals are weighted equally (unit weight)

function used for fitting: a*(E**b*x)
fitted parameters initialized with current variable values



*******************************************************************************
Thu Nov 22 19:36:26 2018


FIT:    data read from "05.txt"
        format = z
        x range restricted to [-85.1169 : 81.7761]
        #datapoints = 5
        residuals are weighted equally (unit weight)

function used for fitting: a*(2**x)
fitted parameters initialized with current variable values

iter      chisq       delta/lim  lambda   a             b            
   0 2.7747608513e+20   0.00e+00  5.27e+09    3.878403e+00  -8.483929e-01
BREAK: Singular matrix in Invert_RtR

*******************************************************************************
Thu Nov 22 19:36:37 2018


FIT:    data read from "05.txt"
        format = z
        x range restricted to [-85.1169 : 81.7761]
        #datapoints = 5
        residuals are weighted equally (unit weight)

function used for fitting: a*2**(b*x)
fitted parameters initialized with current variable values

iter      chisq       delta/lim  lambda   a             b            
   0 1.3369842010e+01   0.00e+00  2.07e-14    1.222300e-13  -8.492413e-01

Current data point
=========================
#               = 1 out of 5
x               = 1.51819        
z               = 2.53481        

Current set of parameters
=========================
a               = 1.51819        
b               = 4.29699e+13    

BREAK: Undefined value during function evaluation

*******************************************************************************
Thu Nov 22 19:36:40 2018


FIT:    data read from "05.txt"
        format = z
        x range restricted to [-85.1169 : 81.7761]
        #datapoints = 5
        residuals are weighted equally (unit weight)

function used for fitting: a*2**(b*x)
fitted parameters initialized with current variable values


Current data point
=========================
#               = 1 out of 5
x               = 1.51819        
z               = 2.53481        

Current set of parameters
=========================
a               = 1.51819        
b               = 4.29699e+13    

BREAK: Undefined value during function evaluation

*******************************************************************************
Thu Nov 22 19:36:57 2018


FIT:    data read from "05.txt"
        format = z
        x range restricted to [-85.1169 : 81.7761]
        #datapoints = 5
        residuals are weighted equally (unit weight)

function used for fitting: a*2**(b*x)
fitted parameters initialized with current variable values

iter      chisq       delta/lim  lambda   a             b            
   0 1.8446744078e+19   0.00e+00  3.05e+10    1.000000e+00   1.000000e+00

Current data point
=========================
#               = 1 out of 5
x               = -3427.34       
z               = 2.53481        

Current set of parameters
=========================
a               = -3427.34       
b               = 7586.1         

BREAK: Undefined value during function evaluation

*******************************************************************************
Thu Nov 22 19:38:39 2018


FIT:    data read from "05.txt"
        format = z
        x range restricted to [-85.1169 : 81.7761]
        #datapoints = 5
        residuals are weighted equally (unit weight)

function used for fitting: a*b**x
fitted parameters initialized with current variable values

iter      chisq       delta/lim  lambda   a             b            
   0 3.8747795562e+02   0.00e+00  1.94e+01    5.000000e+01   6.500000e-01
   9 3.7774227182e-01  -4.00e-01  1.94e-05    3.879996e+00   8.482851e-01

After 9 iterations the fit converged.
final sum of squares of residuals : 0.377742
rel. change during last iteration : -4.00011e-06

degrees of freedom    (FIT_NDF)                        : 3
rms of residuals      (FIT_STDFIT) = sqrt(WSSR/ndf)    : 0.354844
variance of residuals (reduced chisquare) = WSSR/ndf   : 0.125914

Final set of parameters            Asymptotic Standard Error
=======================            ==========================
a               = 3.88             +/- 0.7205       (18.57%)
b               = 0.848285         +/- 0.04159      (4.903%)

correlation matrix of the fit parameters:
                a      b      
a               1.000 
b              -0.848  1.000 


*******************************************************************************
Thu Nov 22 19:41:14 2018


FIT:    data read from "05.txt"
        format = z
        x range restricted to [-85.1169 : 81.7761]
        #datapoints = 5
        residuals are weighted equally (unit weight)

function used for fitting: a+b*x
fitted parameters initialized with current variable values

iter      chisq       delta/lim  lambda   a             b            
   0 2.0498080988e+03   0.00e+00  1.03e+01    3.879996e+00   8.482851e-01
   4 6.5518747021e-01  -1.29e-05  1.03e-03    1.989351e+00  -2.891300e-01

After 4 iterations the fit converged.
final sum of squares of residuals : 0.655187
rel. change during last iteration : -1.29183e-10

degrees of freedom    (FIT_NDF)                        : 3
rms of residuals      (FIT_STDFIT) = sqrt(WSSR/ndf)    : 0.467328
variance of residuals (reduced chisquare) = WSSR/ndf   : 0.218396

Final set of parameters            Asymptotic Standard Error
=======================            ==========================
a               = 1.98935          +/- 0.3164       (15.9%)
b               = -0.28913         +/- 0.01916      (6.625%)

correlation matrix of the fit parameters:
                a      b      
a               1.000 
b              -0.751  1.000 


*******************************************************************************
Thu Nov 22 19:41:31 2018


FIT:    data read from "05.txt"
        format = z
        x range restricted to [-220.987 : 104.976]
        #datapoints = 5
        residuals are weighted equally (unit weight)

function used for fitting: a+b*x
fitted parameters initialized with current variable values

iter      chisq       delta/lim  lambda   a             b            
   0 6.5518747021e-01   0.00e+00  3.66e+00    1.989351e+00  -2.891300e-01
   1 6.5518747021e-01   0.00e+00  3.66e-01    1.989351e+00  -2.891300e-01

After 1 iterations the fit converged.
final sum of squares of residuals : 0.655187
rel. change during last iteration : 0

degrees of freedom    (FIT_NDF)                        : 3
rms of residuals      (FIT_STDFIT) = sqrt(WSSR/ndf)    : 0.467328
variance of residuals (reduced chisquare) = WSSR/ndf   : 0.218396

Final set of parameters            Asymptotic Standard Error
=======================            ==========================
a               = 1.98935          +/- 0.3164       (15.9%)
b               = -0.28913         +/- 0.01916      (6.625%)

correlation matrix of the fit parameters:
                a      b      
a               1.000 
b              -0.751  1.000 


*******************************************************************************
Thu Nov 22 19:41:41 2018


FIT:    data read from "05.txt"
        format = z
        x range restricted to [-220.987 : 104.976]
        #datapoints = 5
        residuals are weighted equally (unit weight)

function used for fitting: a*x+b
fitted parameters initialized with current variable values

iter      chisq       delta/lim  lambda   a             b            
   0 6.4640423417e+03   0.00e+00  2.32e+01    1.989351e+00  -2.891300e-01
   5 6.5518747021e-01  -7.36e-01  2.32e-04   -2.891300e-01   1.989351e+00

After 5 iterations the fit converged.
final sum of squares of residuals : 0.655187
rel. change during last iteration : -7.35787e-06

degrees of freedom    (FIT_NDF)                        : 3
rms of residuals      (FIT_STDFIT) = sqrt(WSSR/ndf)    : 0.467328
variance of residuals (reduced chisquare) = WSSR/ndf   : 0.218396

Final set of parameters            Asymptotic Standard Error
=======================            ==========================
a               = -0.28913         +/- 0.01916      (6.625%)
b               = 1.98935          +/- 0.3164       (15.9%)

correlation matrix of the fit parameters:
                a      b      
a               1.000 
b              -0.751  1.000 
